<?xml version="1.0" encoding="UTF-8"?>
<!-- Generated by org.testng.reporters.JUnitReportReporter -->
<testsuite hostname="EDZ-20170729POB" name="com.jenkins.testforjenkins.Test01" tests="1" failures="0" timestamp="12 Jul 2019 05:37:42 GMT" time="2.215" errors="0">
  <testcase name="openBaiDu" time="2.215" classname="com.jenkins.testforjenkins.Test01"/>
</testsuite> <!-- com.jenkins.testforjenkins.Test01 -->
