<?xml version="1.0" encoding="UTF-8"?>
<!-- Generated by org.testng.reporters.JUnitReportReporter -->
<testsuite hostname="EDZ-20170729POB" name="com.jenkins.testforjenkins.Test02" tests="2" failures="0" timestamp="15 Jul 2019 07:17:42 GMT" time="4.181" errors="0">
  <testcase name="openBaiDu" time="2.036" classname="com.jenkins.testforjenkins.Test02"/>
  <testcase name="openBaiDu" time="2.145" classname="com.jenkins.testforjenkins.Test02"/>
</testsuite> <!-- com.jenkins.testforjenkins.Test02 -->
