<?xml version="1.0" encoding="UTF-8"?>
<!-- Generated by org.testng.reporters.JUnitReportReporter -->
<testsuite hostname="EDZ-20170729POB" name="com.jenkins.testforjenkins.Test01Test" tests="1" failures="0" timestamp="8 Jul 2019 08:55:08 GMT" time="2.051" errors="0">
  <testcase name="openBaiDu" time="2.051" classname="com.jenkins.testforjenkins.Test01Test"/>
</testsuite> <!-- com.jenkins.testforjenkins.Test01Test -->
