<?xml version="1.0" encoding="UTF-8"?>
<!-- Generated by org.testng.reporters.JUnitReportReporter -->
<testsuite hostname="EDZ-20170729POB" name="com.jenkins.testforjenkins.Test01" tests="1" failures="0" timestamp="9 Jul 2019 02:10:50 GMT" time="2.038" errors="0">
  <testcase name="openBaiDu" time="2.038" classname="com.jenkins.testforjenkins.Test01"/>
</testsuite> <!-- com.jenkins.testforjenkins.Test01 -->
